TN:
SF:app.js
FN:14,(anonymous_0)
FN:19,(anonymous_1)
FN:25,(anonymous_2)
FN:44,(anonymous_3)
FN:65,(anonymous_4)
FN:72,(anonymous_5)
FN:95,(anonymous_6)
FN:118,(anonymous_7)
FN:121,(anonymous_8)
FNF:9
FNH:8
FNDA:1,(anonymous_0)
FNDA:1,(anonymous_1)
FNDA:2,(anonymous_2)
FNDA:2,(anonymous_3)
FNDA:0,(anonymous_4)
FNDA:1,(anonymous_5)
FNDA:1,(anonymous_6)
FNDA:1,(anonymous_7)
FNDA:4,(anonymous_8)
DA:1,1
DA:2,1
DA:4,1
DA:5,1
DA:6,1
DA:8,1
DA:9,1
DA:14,1
DA:15,1
DA:19,1
DA:20,1
DA:21,1
DA:25,1
DA:26,2
DA:27,2
DA:30,2
DA:31,1
DA:34,1
DA:35,1
DA:38,1
DA:39,1
DA:44,1
DA:45,2
DA:46,2
DA:49,2
DA:50,1
DA:53,1
DA:54,1
DA:57,1
DA:58,1
DA:65,1
DA:66,0
DA:67,0
DA:68,0
DA:72,1
DA:73,1
DA:74,1
DA:75,1
DA:78,1
DA:79,0
DA:82,1
DA:83,1
DA:84,1
DA:85,1
DA:88,0
DA:89,0
DA:95,1
DA:96,1
DA:97,1
DA:98,1
DA:100,1
DA:103,1
DA:104,0
DA:107,1
DA:108,1
DA:111,0
DA:112,0
DA:118,1
DA:119,1
DA:120,1
DA:121,4
DA:122,1
DA:125,0
DA:126,0
DA:131,1
LF:65
LH:54
BRDA:30,0,0,1
BRDA:30,0,1,1
BRDA:49,1,0,1
BRDA:49,1,1,1
BRDA:78,2,0,0
BRDA:78,2,1,1
BRDA:103,3,0,0
BRDA:103,3,1,1
BRF:8
BRH:6
end_of_record
TN:
SF:model.js
FN:5,(anonymous_0)
FN:17,(anonymous_1)
FN:22,(anonymous_2)
FN:24,(anonymous_3)
FN:29,(anonymous_4)
FN:39,(anonymous_5)
FN:46,(anonymous_6)
FNF:7
FNH:5
FNDA:0,(anonymous_0)
FNDA:12,(anonymous_1)
FNDA:5,(anonymous_2)
FNDA:20,(anonymous_3)
FNDA:0,(anonymous_4)
FNDA:1,(anonymous_5)
FNDA:1,(anonymous_6)
DA:1,1
DA:2,1
DA:6,0
DA:7,0
DA:8,0
DA:9,0
DA:10,0
DA:11,0
DA:12,0
DA:13,0
DA:18,12
DA:23,5
DA:24,20
DA:25,5
DA:30,0
DA:31,0
DA:34,0
DA:35,0
DA:40,1
DA:41,1
DA:47,1
DA:48,1
DA:49,1
DA:50,1
DA:54,1
LF:25
LH:13
BRF:0
BRH:0
end_of_record
